
> markos@3.3.0 build-storybook
> storybook build --output-dir=C:\Users\USERPC~1\AppData\Local\Temp\chromatic--25704-76XZTJOoepzX

[1m@storybook/core v8.6.18
[22m
info => Cleaning outputDir: [36m..\..\..\..\USERPC~1\AppData\Local\Temp\chromatic--25704-76XZTJOoepzX[39m
info => Loading presets
info => Building manager..
info => Manager built ([38;2;181;126;229m260 ms[39m)
info => Building preview..
info Using tsconfig paths for react-docgen
[36mvite v6.4.2 [32mbuilding for production...[36m[39m
WARN No story files found for the specified pattern: [34monboarding\**\*.stories.tsx[39m
transforming...
info => Copying static files: [36mpublic[39m at [36m..\..\..\..\USERPC~1\AppData\Local\Temp\chromatic--25704-76XZTJOoepzX[39m
[32m✓[39m 276 modules transformed.
rendering chunks...
computing gzip size...
[2m../../../../USERPC~1/AppData/Local/Temp/chromatic--25704-76XZTJOoepzX/[22m[32miframe.html                                     [39m[1m[2m 18.03 kB[22m[1m[22m[2m │ gzip:   5.01 kB[22m
[2m../../../../USERPC~1/AppData/Local/Temp/chromatic--25704-76XZTJOoepzX/[22m[35massets/RotationGraceBanner-DEuSaDzQ.css         [39m[1m[2m  1.13 kB[22m[1m[22m[2m │ gzip:   0.43 kB[22m
[2m../../../../USERPC~1/AppData/Local/Temp/chromatic--25704-76XZTJOoepzX/[22m[35massets/layout-BNbjYppB.css                      [39m[1m[2m  1.20 kB[22m[1m[22m[2m │ gzip:   0.48 kB[22m
[2m../../../../USERPC~1/AppData/Local/Temp/chromatic--25704-76XZTJOoepzX/[22m[35massets/governance-CZVSis21.css                  [39m[1m[2m  1.55 kB[22m[1m[22m[2m │ gzip:   0.65 kB[22m
[2m../../../../USERPC~1/AppData/Local/Temp/chromatic--25704-76XZTJOoepzX/[22m[35massets/page-CGMXPY-t.css                        [39m[1m[2m  1.96 kB[22m[1m[22m[2m │ gzip:   0.75 kB[22m
[2m../../../../USERPC~1/AppData/Local/Temp/chromatic--25704-76XZTJOoepzX/[22m[35massets/reconciliation-GvfMqjMI.css              [39m[1m[2m  2.25 kB[22m[1m[22m[2m │ gzip:   0.82 kB[22m
[2m../../../../USERPC~1/AppData/Local/Temp/chromatic--25704-76XZTJOoepzX/[22m[35massets/operations-B4ldCCzE.css                  [39m[1m[2m  2.70 kB[22m[1m[22m[2m │ gzip:   1.05 kB[22m
[2m../../../../USERPC~1/AppData/Local/Temp/chromatic--25704-76XZTJOoepzX/[22m[35massets/page-iHGYlDXO.css                        [39m[1m[2m  4.36 kB[22m[1m[22m[2m │ gzip:   1.39 kB[22m
[2m../../../../USERPC~1/AppData/Local/Temp/chromatic--25704-76XZTJOoepzX/[22m[35massets/preview-CXU7S9r6.css                     [39m[1m[2m  4.75 kB[22m[1m[22m[2m │ gzip:   1.34 kB[22m
[2m../../../../USERPC~1/AppData/Local/Temp/chromatic--25704-76XZTJOoepzX/[22m[35massets/tasks-CY_NmJ3j.css                       [39m[1m[2m  7.95 kB[22m[1m[22m[2m │ gzip:   2.29 kB[22m
[2m../../../../USERPC~1/AppData/Local/Temp/chromatic--25704-76XZTJOoepzX/[22m[36massets/_commonjsHelpers-CqkleIqs.js             [39m[1m[2m  0.12 kB[22m[1m[22m[2m │ gzip:   0.13 kB[22m
[2m../../../../USERPC~1/AppData/Local/Temp/chromatic--25704-76XZTJOoepzX/[22m[36massets/preview-BfM6kMEr.js                      [39m[1m[2m  0.16 kB[22m[1m[22m[2m │ gzip:   0.16 kB[22m
[2m../../../../USERPC~1/AppData/Local/Temp/chromatic--25704-76XZTJOoepzX/[22m[36massets/preview-CvbIS5ZJ.js                      [39m[1m[2m  0.18 kB[22m[1m[22m[2m │ gzip:   0.16 kB[22m
[2m../../../../USERPC~1/AppData/Local/Temp/chromatic--25704-76XZTJOoepzX/[22m[36massets/index-B7KaPhCS.js                        [39m[1m[2m  0.46 kB[22m[1m[22m[2m │ gzip:   0.30 kB[22m
[2m../../../../USERPC~1/AppData/Local/Temp/chromatic--25704-76XZTJOoepzX/[22m[36massets/brand-pack-CF6hJYZx.js                   [39m[1m[2m  0.51 kB[22m[1m[22m[2m │ gzip:   0.32 kB[22m
[2m../../../../USERPC~1/AppData/Local/Temp/chromatic--25704-76XZTJOoepzX/[22m[36massets/preview-DHQbi4pV.js                      [39m[1m[2m  0.61 kB[22m[1m[22m[2m │ gzip:   0.42 kB[22m
[2m../../../../USERPC~1/AppData/Local/Temp/chromatic--25704-76XZTJOoepzX/[22m[36massets/chunk-XP5HYGXS-BHXC9YeQ.js               [39m[1m[2m  0.71 kB[22m[1m[22m[2m │ gzip:   0.40 kB[22m
[2m../../../../USERPC~1/AppData/Local/Temp/chromatic--25704-76XZTJOoepzX/[22m[36massets/preview-DGUiP6tS.js                      [39m[1m[2m  0.71 kB[22m[1m[22m[2m │ gzip:   0.50 kB[22m
[2m../../../../USERPC~1/AppData/Local/Temp/chromatic--25704-76XZTJOoepzX/[22m[36massets/jsx-runtime-D_zvdyIk.js                  [39m[1m[2m  0.73 kB[22m[1m[22m[2m │ gzip:   0.46 kB[22m
[2m../../../../USERPC~1/AppData/Local/Temp/chromatic--25704-76XZTJOoepzX/[22m[36massets/index-DrFu-skq.js                        [39m[1m[2m  0.77 kB[22m[1m[22m[2m │ gzip:   0.47 kB[22m
[2m../../../../USERPC~1/AppData/Local/Temp/chromatic--25704-76XZTJOoepzX/[22m[36massets/tokens-BLc9fnXK.js                       [39m[1m[2m  0.84 kB[22m[1m[22m[2m │ gzip:   0.35 kB[22m
[2m../../../../USERPC~1/AppData/Local/Temp/chromatic--25704-76XZTJOoepzX/[22m[36massets/preview-b2vnKcW2.js                      [39m[1m[2m  0.90 kB[22m[1m[22m[2m │ gzip:   0.58 kB[22m
[2m../../../../USERPC~1/AppData/Local/Temp/chromatic--25704-76XZTJOoepzX/[22m[36massets/test-utils-C6pf27qr.js                   [39m[1m[2m  1.16 kB[22m[1m[22m[2m │ gzip:   0.72 kB[22m
[2m../../../../USERPC~1/AppData/Local/Temp/chromatic--25704-76XZTJOoepzX/[22m[36massets/RotationGraceBanner-Co6YtO_x.js          [39m[1m[2m  1.99 kB[22m[1m[22m[2m │ gzip:   0.82 kB[22m
[2m../../../../USERPC~1/AppData/Local/Temp/chromatic--25704-76XZTJOoepzX/[22m[36massets/RotationGraceBanner.stories-CRuRyptT.js  [39m[1m[2m  2.13 kB[22m[1m[22m[2m │ gzip:   0.67 kB[22m
[2m../../../../USERPC~1/AppData/Local/Temp/chromatic--25704-76XZTJOoepzX/[22m[36massets/preview-pyfzk2Vw.js                      [39m[1m[2m  2.21 kB[22m[1m[22m[2m │ gzip:   1.20 kB[22m
[2m../../../../USERPC~1/AppData/Local/Temp/chromatic--25704-76XZTJOoepzX/[22m[36massets/tokens.stories-BANSQNld.js               [39m[1m[2m  2.43 kB[22m[1m[22m[2m │ gzip:   0.95 kB[22m
[2m../../../../USERPC~1/AppData/Local/Temp/chromatic--25704-76XZTJOoepzX/[22m[36massets/preview--KcVcqzE.js                      [39m[1m[2m  2.76 kB[22m[1m[22m[2m │ gzip:   1.30 kB[22m
[2m../../../../USERPC~1/AppData/Local/Temp/chromatic--25704-76XZTJOoepzX/[22m[36massets/policies-IY8FssQC.js                     [39m[1m[2m  2.79 kB[22m[1m[22m[2m │ gzip:   0.87 kB[22m
[2m../../../../USERPC~1/AppData/Local/Temp/chromatic--25704-76XZTJOoepzX/[22m[36massets/dashboard.stories-BGMPdCdH.js            [39m[1m[2m  2.95 kB[22m[1m[22m[2m │ gzip:   1.33 kB[22m
[2m../../../../USERPC~1/AppData/Local/Temp/chromatic--25704-76XZTJOoepzX/[22m[36massets/segments.stories-bEX7Z3Ww.js             [39m[1m[2m  3.28 kB[22m[1m[22m[2m │ gzip:   1.06 kB[22m
[2m../../../../USERPC~1/AppData/Local/Temp/chromatic--25704-76XZTJOoepzX/[22m[36massets/icps.stories-Do_EWaR4.js                 [39m[1m[2m  3.36 kB[22m[1m[22m[2m │ gzip:   1.12 kB[22m
[2m../../../../USERPC~1/AppData/Local/Temp/chromatic--25704-76XZTJOoepzX/[22m[36massets/campaigns.stories-CYqQLpDV.js            [39m[1m[2m  3.39 kB[22m[1m[22m[2m │ gzip:   1.12 kB[22m
[2m../../../../USERPC~1/AppData/Local/Temp/chromatic--25704-76XZTJOoepzX/[22m[36massets/preview-DD_OYowb.js                      [39m[1m[2m  3.51 kB[22m[1m[22m[2m │ gzip:   1.69 kB[22m
[2m../../../../USERPC~1/AppData/Local/Temp/chromatic--25704-76XZTJOoepzX/[22m[36massets/msp.stories-BxwogKKm.js                  [39m[1m[2m  4.20 kB[22m[1m[22m[2m │ gzip:   1.21 kB[22m
[2m../../../../USERPC~1/AppData/Local/Temp/chromatic--25704-76XZTJOoepzX/[22m[36massets/events.stories-BVgkjM4n.js               [39m[1m[2m  4.20 kB[22m[1m[22m[2m │ gzip:   1.64 kB[22m
[2m../../../../USERPC~1/AppData/Local/Temp/chromatic--25704-76XZTJOoepzX/[22m[36massets/mir.stories-B_tI5apN.js                  [39m[1m[2m  4.23 kB[22m[1m[22m[2m │ gzip:   1.20 kB[22m
[2m../../../../USERPC~1/AppData/Local/Temp/chromatic--25704-76XZTJOoepzX/[22m[36massets/theme.stories-DNTAgeKa.js                [39m[1m[2m  4.25 kB[22m[1m[22m[2m │ gzip:   1.19 kB[22m
[2m../../../../USERPC~1/AppData/Local/Temp/chromatic--25704-76XZTJOoepzX/[22m[36massets/policies.stories-Dxnmkt37.js             [39m[1m[2m  4.48 kB[22m[1m[22m[2m │ gzip:   1.42 kB[22m
[2m../../../../USERPC~1/AppData/Local/Temp/chromatic--25704-76XZTJOoepzX/[22m[36massets/preview-B8lJiyuQ.js                      [39m[1m[2m  5.06 kB[22m[1m[22m[2m │ gzip:   1.88 kB[22m
[2m../../../../USERPC~1/AppData/Local/Temp/chromatic--25704-76XZTJOoepzX/[22m[36massets/operations.stories-BsN0FZqh.js           [39m[1m[2m  5.89 kB[22m[1m[22m[2m │ gzip:   1.92 kB[22m
[2m../../../../USERPC~1/AppData/Local/Temp/chromatic--25704-76XZTJOoepzX/[22m[36massets/reconciliation.stories-Cdklbb57.js       [39m[1m[2m  7.07 kB[22m[1m[22m[2m │ gzip:   2.24 kB[22m
[2m../../../../USERPC~1/AppData/Local/Temp/chromatic--25704-76XZTJOoepzX/[22m[36massets/page.stories-BfTbzjjr.js                 [39m[1m[2m  7.39 kB[22m[1m[22m[2m │ gzip:   2.25 kB[22m
[2m../../../../USERPC~1/AppData/Local/Temp/chromatic--25704-76XZTJOoepzX/[22m[36massets/page.stories-SU914m3S.js                 [39m[1m[2m  7.61 kB[22m[1m[22m[2m │ gzip:   2.45 kB[22m
[2m../../../../USERPC~1/AppData/Local/Temp/chromatic--25704-76XZTJOoepzX/[22m[36massets/preview-BWzBA1C2.js                      [39m[1m[2m  7.62 kB[22m[1m[22m[2m │ gzip:   1.56 kB[22m
[2m../../../../USERPC~1/AppData/Local/Temp/chromatic--25704-76XZTJOoepzX/[22m[36massets/governance.stories-W6yH0HMo.js           [39m[1m[2m  7.94 kB[22m[1m[22m[2m │ gzip:   1.96 kB[22m
[2m../../../../USERPC~1/AppData/Local/Temp/chromatic--25704-76XZTJOoepzX/[22m[36massets/preview-BBWR9nbA.js                      [39m[1m[2m  8.12 kB[22m[1m[22m[2m │ gzip:   3.10 kB[22m
[2m../../../../USERPC~1/AppData/Local/Temp/chromatic--25704-76XZTJOoepzX/[22m[36massets/index-ZH-6pyQh.js                        [39m[1m[2m  8.31 kB[22m[1m[22m[2m │ gzip:   3.29 kB[22m
[2m../../../../USERPC~1/AppData/Local/Temp/chromatic--25704-76XZTJOoepzX/[22m[36massets/company.stories-Ck7sHFpm.js              [39m[1m[2m 14.73 kB[22m[1m[22m[2m │ gzip:   2.42 kB[22m
[2m../../../../USERPC~1/AppData/Local/Temp/chromatic--25704-76XZTJOoepzX/[22m[36massets/Color-YHDXOIA2-Cov9PE2R.js               [39m[1m[2m 29.36 kB[22m[1m[22m[2m │ gzip:  11.07 kB[22m
[2m../../../../USERPC~1/AppData/Local/Temp/chromatic--25704-76XZTJOoepzX/[22m[36massets/matchers-7Z3WT2CE-OIiPHzXs.js            [39m[1m[2m 29.81 kB[22m[1m[22m[2m │ gzip:  10.29 kB[22m
[2m../../../../USERPC~1/AppData/Local/Temp/chromatic--25704-76XZTJOoepzX/[22m[36massets/entry-preview-Dv5Fe_Tv.js                [39m[1m[2m 29.82 kB[22m[1m[22m[2m │ gzip:   9.55 kB[22m
[2m../../../../USERPC~1/AppData/Local/Temp/chromatic--25704-76XZTJOoepzX/[22m[36massets/tasks.stories-CrxX2JC7.js                [39m[1m[2m 45.03 kB[22m[1m[22m[2m │ gzip:  11.17 kB[22m
[2m../../../../USERPC~1/AppData/Local/Temp/chromatic--25704-76XZTJOoepzX/[22m[36massets/index-DgH-xKnr.js                        [39m[1m[2m 57.15 kB[22m[1m[22m[2m │ gzip:  16.28 kB[22m
[2m../../../../USERPC~1/AppData/Local/Temp/chromatic--25704-76XZTJOoepzX/[22m[36massets/layout.stories-VaxbsOPI.js               [39m[1m[2m 92.10 kB[22m[1m[22m[2m │ gzip:  22.59 kB[22m
[2m../../../../USERPC~1/AppData/Local/Temp/chromatic--25704-76XZTJOoepzX/[22m[36massets/react-18-Dn1_WqAU.js                     [39m[1m[2m185.73 kB[22m[1m[22m[2m │ gzip:  58.19 kB[22m
[2m../../../../USERPC~1/AppData/Local/Temp/chromatic--25704-76XZTJOoepzX/[22m[36massets/iframe-CKA0MGW_.js                       [39m[1m[2m215.94 kB[22m[1m[22m[2m │ gzip:  72.77 kB[22m
[2m../../../../USERPC~1/AppData/Local/Temp/chromatic--25704-76XZTJOoepzX/[22m[36massets/entry-preview-docs-BPwSLUTx.js           [39m[1m[2m247.12 kB[22m[1m[22m[2m │ gzip:  73.45 kB[22m
[2m../../../../USERPC~1/AppData/Local/Temp/chromatic--25704-76XZTJOoepzX/[22m[36massets/axe-CpEqoGoD.js                          [39m[1m[33m582.57 kB[39m[22m[2m │ gzip: 160.58 kB[22m
[2m../../../../USERPC~1/AppData/Local/Temp/chromatic--25704-76XZTJOoepzX/[22m[36massets/index-Cc8lMuyS.js                        [39m[1m[33m662.36 kB[39m[22m[2m │ gzip: 156.75 kB[22m
[2m../../../../USERPC~1/AppData/Local/Temp/chromatic--25704-76XZTJOoepzX/[22m[36massets/DocsRenderer-CFRXHY34-BUn_dmQN.js        [39m[1m[33m887.55 kB[39m[22m[2m │ gzip: 275.63 kB[22m
[32m✓ built in 20.49s[39m
info => Preview built ([38;2;181;126;229m25 s[39m)
info => Output directory: C:\Users\USERPC~1\AppData\Local\Temp\chromatic--25704-76XZTJOoepzX
